<?xml version="1.0" encoding="UTF-8" ?>
<testsuites disabled="0" errors="0" failures="0" tests="3" time="7.026">
 <testsuite name="web table validations" timestamp="2020-04-19T03:36:25" hostname="localhost" time="7.026" errors="0" tests="3" skipped="0" disabled="0" failures="0">
  <testcase classname="web table validations" name="view product details" time="1.538" />
  <testcase classname="web table validations" name="navigate to product list table" time="1.47" />
  <testcase classname="web table validations" name="delete a product" time="1.459" />
 </testsuite>
</testsuites>